{
  "stats": {
    "suites": 1,
    "tests": 1,
    "passes": 0,
    "pending": 0,
    "failures": 1,
    "start": "2021-04-03T13:13:43.662Z",
    "end": "2021-04-03T13:14:16.283Z",
    "duration": 32621,
    "testsRegistered": 1,
    "passPercent": 0,
    "pendingPercent": 0,
    "other": 0,
    "hasOther": false,
    "skipped": 0,
    "hasSkipped": false
  },
  "results": [
    {
      "uuid": "1a120517-6a3e-4f25-be22-669cf05c4850",
      "title": "",
      "fullFile": "cypress\\integration\\teste.feature",
      "file": "cypress\\integration\\teste.feature",
      "beforeHooks": [],
      "afterHooks": [],
      "tests": [],
      "suites": [
        {
          "uuid": "dec72abb-1c43-40c5-8c64-65d86ad229a2",
          "title": "Automatizar pagina de cadastro",
          "fullFile": "",
          "file": "",
          "beforeHooks": [],
          "afterHooks": [],
          "tests": [
            {
              "title": "Preencher o campo primeiro nome",
              "fullTitle": "Automatizar pagina de cadastro Preencher o campo primeiro nome",
              "timedOut": null,
              "duration": 31899,
              "state": "failed",
              "speed": null,
              "pass": false,
              "fail": true,
              "pending": false,
              "context": null,
              "code": "const state = window.testState;\nreturn cy\n  .then(() => state.onStartScenario(scenario, indexedSteps))\n  .then(() =>\n    resolveAndRunBeforeHooks.call(this, scenario.tags, state.feature.name)\n  )\n  .then(() =>\n    indexedSteps.forEach((step) =>\n      stepTest.call(this, state, step, rowData)\n    )\n  )\n  .then(() =>\n    resolveAndRunAfterHooks.call(this, scenario.tags, state.feature.name)\n  )\n  .then(() => state.onFinishScenario(scenario));",
              "err": {
                "message": "AssertionError: Timed out retrying after 10000ms: Expected to find element: `:nth-child(1) > :nth-child(1) > .form-control`, but never found it.",
                "estack": "AssertionError: Timed out retrying after 10000ms: Expected to find element: `:nth-child(1) > :nth-child(1) > .form-control`, but never found it.\n    at TestePage.preencherCampoPrimeiroNome (http://demo.automationtesting.in/__cypress/tests?p=cypress\\integration\\teste.feature:117:10)\n    at Context.eval (http://demo.automationtesting.in/__cypress/tests?p=cypress\\integration\\teste.feature:75:10)\n    at Context.resolveAndRunStepDefinition (http://demo.automationtesting.in/__cypress/tests?p=cypress\\integration\\teste.feature:10570:9)\n    at Context.eval (http://demo.automationtesting.in/__cypress/tests?p=cypress\\integration\\teste.feature:9913:35)",
                "diff": null
              },
              "uuid": "12aa1ee6-8156-447e-a24d-ea1fd42bccf0",
              "parentUUID": "dec72abb-1c43-40c5-8c64-65d86ad229a2",
              "isHook": false,
              "skipped": false
            }
          ],
          "suites": [],
          "passes": [],
          "failures": [
            "12aa1ee6-8156-447e-a24d-ea1fd42bccf0"
          ],
          "pending": [],
          "skipped": [],
          "duration": 31899,
          "root": false,
          "rootEmpty": false,
          "_timeout": 2000
        }
      ],
      "passes": [],
      "failures": [],
      "pending": [],
      "skipped": [],
      "duration": 0,
      "root": true,
      "rootEmpty": true,
      "_timeout": 2000
    }
  ],
  "meta": {
    "mocha": {
      "version": "7.0.1"
    },
    "mochawesome": {
      "options": {
        "quiet": false,
        "reportFilename": "mochawesome",
        "saveHtml": true,
        "saveJson": true,
        "consoleReporter": "spec",
        "useInlineDiffs": false,
        "code": true
      },
      "version": "6.2.2"
    },
    "marge": {
      "options": {
        "overwrite": false
      },
      "version": "5.2.0"
    }
  }
}